2020-09-2015:06:52,C200003,Melner Balce,Added new activty for 3 students in class 27556
2020-09-20 15:51:43,C200003,Melner Balce,Successfully uploaded file IT.CS415_ COURSE REQUIREMENTS.docx in 27556
2020-09-2015:51:47,C200003,Melner Balce,Added new resource for class 27556
2020-09-20 16:07:39,C200003,Melner Balce,Successfully uploaded file gordonco_enrollment (1).zip in 27556
2020-09-20 16:27:06,C200003,Melner Balce,Successfully uploaded file index.php in 27449
2020-09-20 16:27:21,C200003,Melner Balce,Successfully uploaded file gordonco_enrollment (1).sql in 27449
2020-09-20 16:27:38,C200003,Melner Balce,Successfully uploaded file WonderShare QuizCreator-20200822T125733Z-001.zip in 27449
2020-09-20 16:28:03,C200003,,Failed to upload file  in 27449
2020-09-2017:15:45,C200003,Melner Balce,Successfully uploaded file Space-Walker (3).docx in 27449
2020-09-2017:16:42,C200003,Melner Balce,Successfully uploaded file we.on.docx in 27449
2020-09-2017:17:17,C200003,Melner Balce,Successfully uploaded file TES_1stSemAY2020-21asdasdasdas3243242asda-2123121312.pdf in 27449
2020-09-2017:18:00,C200003,Melner Balce,Added new resource for class 27449
2020-09-2017:18:07,C200003,Melner Balce,Successfully uploaded file students.log in 27449
2020-09-2017:21:14,C200003,Melner Balce,Successfully uploaded file tlemechanicaldraftinglm-140716083258-phpapp02.pdf in 27449
2020-09-2017:22:13,C200003,Melner Balce,Successfully uploaded file tlemechanicaldraftinglm-140716083258-phpapp02.pdf in 27449
2020-09-2017:26:30,C200003,Melner Balce,Successfully uploaded file Septe.mber-14.pdf in 28493
2020-09-2017:28:34,C200003,Melner Balce,Successfully uploaded file TES_1stSemAY2020-21asdasdasdas3243242asda-2123121312.pdf in 28493
2020-09-2017:29:51,C200003,Melner Balce,Successfully uploaded file Space-Walker (3).docx in 28493
2020-09-2017:48:51,C200003,Melner Balce,Successfully uploaded file TES_1stSemAY2020-21asdasdasdas3243242asda-2123121312.pdf in 28493
2020-09-2017:49:31,C200003,Melner Balce,Successfully uploaded file tlemechanicaldraftinglm-140716083258-phpapp02.pdf in 28493
2020-09-2017:51:04,C200003,Melner Balce,Successfully uploaded file tlemechanicaldraftinglm-140716083258-phpapp02.pdf in 28493
2020-09-2017:58:25,C200003,Melner Balce,Successfully uploaded file TES_1stSemAY2020-21asdasdasdas3243242asda-2123121312.pdf in 28493
2020-09-2017:59:08,C200003,Melner Balce,Successfully uploaded file LMS Development 2.pptx in 28493
2020-09-2018:00:09,C200003,Melner Balce,Successfully uploaded file tlemechanicaldraftinglm-140716083258-phpapp02.pdf in 28493
2020-09-2018:03:07,C200003,Melner Balce,Successfully uploaded file tlemechanicaldraftinglm-140716083258-phpapp02.pdf in 28493
2020-09-2018:06:47,,,Failed to upload file  in 28493
2020-09-2018:15:29,C200003,Melner Balce,Successfully uploaded file tlemechanicaldraftinglm-140716083258-phpapp02.pdf in 28493
2020-09-2018:15:38,C200003,Melner Balce,Successfully uploaded file tlemechanicaldraftinglm-140716083258-phpapp02.pdf in 28493
2020-09-2018:15:39,C200003,Melner Balce,Successfully uploaded file tlemechanicaldraftinglm-140716083258-phpapp02.pdf in 28493
2020-09-2018:17:56,C200003,Melner Balce,Successfully uploaded file tlemechanicaldraftinglm-140716083258-phpapp02.pdf in 28493
2020-09-2018:27:28,C200003,Melner Balce,Successfully uploaded file tlemechanicaldraftinglm-140716083258-phpapp02.pdf in 28493
2020-09-2018:33:04,C200003,Melner Balce,Successfully uploaded file tlemechanicaldraftinglm-140716083258-phpapp02.pdf in 28493
2020-09-2018:37:36,C200003,Melner Balce,Successfully uploaded file tlemechanicaldraftinglm-140716083258-phpapp02.pdf in 28493
2020-09-2018:40:34,C200003,Melner Balce,Successfully uploaded file TES_1stSemAY2020-21asdasdasdas3243242asda-2123121312.pdf in 28493
2020-09-2018:42:00,C200003,Melner Balce,Successfully uploaded file tlemechanicaldraftinglm-140716083258-phpapp02.pdf in 28493
2020-09-2018:42:52,C200003,Melner Balce,Successfully uploaded file gcat-portal.rar in 28493
2020-09-2018:43:51,C200003,Melner Balce,Successfully uploaded file tlemechanicaldraftinglm-140716083258-phpapp02.pdf in 28493
2020-09-2018:43:51,C200003,Melner Balce,Added new resource for class 28493
2020-09-2018:50:23,C200003,Melner Balce,Failed to upload file tlemechanicaldraftinglm-140716083258-phpapp02.pdf in 27573
2020-09-2018:52:31,C200003,Melner Balce,Failed to upload file thealogrithm.pdf in 27573
2020-09-2018:52:49,C200003,Melner Balce,Successfully uploaded file TES_1stSemAY2020-21asdasdasdas3243242asda-2123121312.pdf in 27573
2020-09-2018:52:49,C200003,Melner Balce,Added new resource for class 27573
2020-09-2018:57:52,C200003,Melner Balce,Successfully uploaded file CS411.BATCH2021.ACTIVITY01forms.docx in 27573
2020-09-2018:57:52,C200003,Melner Balce,Added new resource for class 27573
2020-09-2018:59:22,C200003,Melner Balce,Successfully uploaded file AutoCAD Reference Guide.pdf in 27573
2020-09-2018:59:22,C200003,Melner Balce,Added new resource for class 27573
2020-09-2018:59:55,C200003,Melner Balce,Failed to upload file thealogrithm.pdf in 27573
2020-09-2019:01:18,C200003,Melner Balce,Successfully uploaded file thealogrithm.zip in 27573
2020-09-2019:01:18,C200003,Melner Balce,Added new resource for class 27573
2020-09-2019:44:03,C200003,Melner Balce,Failed to upload file thealogrithm.pdf in 27573
2020-09-2019:44:25,C200003,Melner Balce,Successfully uploaded file thealogrithm.zip in 27573
2020-09-2019:44:25,C200003,Melner Balce,Added new resource for class 27573
2020-09-2019:45:14,C200003,Melner Balce,Successfully uploaded file AutoCAD Reference Guide.pdf in 27573
2020-09-2019:45:15,C200003,Melner Balce,Added new resource for class 27573
2020-09-2019:46:40,C200003,Melner Balce,Failed to upload file gcat-portal.rar in 27573
2020-09-2019:48:23,C200003,Melner Balce,Successfully uploaded file LMS Development 2.pptx in 27573
2020-09-2019:48:24,C200003,Melner Balce,Added new resource for class 27573
2020-09-2019:49:30,C200003,Melner Balce,Successfully uploaded file AutoCAD Reference Guide.pdf in 27573
2020-09-2019:49:30,C200003,Melner Balce,Added new resource for class 27573
2020-09-2019:53:42,C200003,Melner Balce,Failed to upload file thealogrithm.pdf in 27573
2020-09-2019:53:59,C200003,Melner Balce,Successfully uploaded file AutoCAD Reference Guide.pdf in 27573
2020-09-2019:54:33,C200003,Melner Balce,Successfully uploaded file LMS Development 2.pptx in 27573
2020-09-2019:55:09,C200003,Melner Balce,Successfully uploaded file thealogrithm.zip in 27573
