2020-09-06 10:22:31, Logged in LMS: C200003
2020-09-06 10:22:33, Logged in LMS: C200003
2020-09-06 10:22:37, Logged in LMS: C200003
2020-09-06 11:00:52, Logged in LMS: C200003
2020-09-06 11:07:33, Logged in LMS: C200017
2020-09-06 11:09:43, Logged in LMS: C200004
2020-09-06 11:24:51, Logged in LMS: C200003
2020-09-06 11:35:04, Logged in LMS: C200003
2020-09-06 14:51:03, Logged in LMS: C200013
2020-09-06 14:53:12, Logged in LMS: C200013
2020-09-06 14:53:56, Logged in LMS: C200017
2020-09-06 18:22:36, Logged in LMS: C200004
2020-09-06 19:44:32, Logged in LMS: c200005
2020-09-06 21:40:57, Logged in LMS: 200014
2020-09-06 21:41:04, Logged in LMS: C200014
2020-09-07 00:41:39, Logged in LMS: C200004
2020-09-07 06:12:50, Logged in LMS: C200015
2020-09-07 08:30:49, Logged in LMS: c200005
2020-09-07 08:36:46, Logged in LMS: C200017
2020-09-07 09:40:15, Logged in LMS: C200007
2020-09-07 09:57:23, Logged in LMS: C200015
2020-09-07 10:19:35, Logged in LMS: C200016
2020-09-07 10:20:47, Logged in LMS: H1357
2020-09-07 10:21:06, Logged in LMS: balce.melner@gordoncollege.edu.ph
2020-09-07 10:21:42, Logged in LMS: C200003
2020-09-07 10:23:40, Logged in LMS: C200003
2020-09-07 10:23:58, Logged in LMS: C20003
2020-09-07 10:24:03, Logged in LMS: C200003
2020-09-07 10:24:08, Logged in LMS: C200003
2020-09-07 10:28:41, Logged in LMS: C20003
2020-09-07 10:28:46, Logged in LMS: C200003
2020-09-07 10:31:56, Logged in LMS: C200003
2020-09-07 10:34:20, Logged in LMS: C20003
2020-09-07 10:34:24, Logged in LMS: C20003
2020-09-07 10:34:29, Logged in LMS: C200003
2020-09-07 10:35:24, Logged in LMS: C200003
2020-09-07 10:35:59, Logged in LMS: C200003
2020-09-07 10:36:30, Logged in LMS: C200003
2020-09-07 10:36:38, Logged in LMS: C200003
2020-09-07 10:40:32, Logged in LMS: C200002
2020-09-07 10:49:27, Logged in LMS: C200003
2020-09-07 10:49:47, Logged in LMS: C200003
2020-09-07 10:52:31, Logged in LMS: C200003
2020-09-07 11:17:42, Logged in LMS: C200017
2020-09-07 11:42:11, Logged in LMS: 201710268
2020-09-07 11:42:14, Logged in LMS: c200003
2020-09-07 11:43:24, Logged in LMS: C200003
2020-09-07 11:43:29, Logged in LMS: C200003
2020-09-07 11:44:20, Logged in LMS: C200003
2020-09-07 11:53:17, Logged in LMS: C200003
2020-09-07 11:54:07, Logged in LMS: C200003
2020-09-07 11:54:12, Logged in LMS: C200003
2020-09-07 11:56:52, Logged in LMS: C200003
2020-09-07 11:58:11, Logged in LMS: C200003
2020-09-07 12:01:34, Logged in LMS: c200003
2020-09-07 12:20:48, Logged in LMS: C200003
2020-09-07 12:21:39, Logged in LMS: c200003
2020-09-07 12:50:09, Logged in LMS: C200015
2020-09-07 13:05:28, Logged in LMS: C200015
2020-09-07 13:17:49, Logged in LMS: C200015
2020-09-07 13:22:20, Logged in LMS: C200003
2020-09-07 13:25:38, Logged in LMS: C200003
2020-09-07 13:25:44, Logged in LMS: C200003
2020-09-07 13:38:38, Logged in LMS: C200001
2020-09-07 13:41:53, Logged in LMS: C200001
2020-09-07 13:42:44, Logged in LMS: C200003
2020-09-07 13:44:30, Logged in LMS: C200001
2020-09-07 14:10:17, Logged in LMS: C200003
2020-09-07 15:02:03, Logged in LMS: C200009
2020-09-07 17:08:37, Logged in LMS: C200003
2020-09-07 18:40:27, Logged in LMS: C200007
2020-09-07 20:57:12, Logged in LMS: c200005
2020-09-07 22:34:19, Logged in LMS: C200001
2020-09-08 06:24:11, Logged in LMS: C200015
2020-09-08 08:39:43, Logged in LMS: c200005
2020-09-08 08:53:06, Logged in LMS: C200017
2020-09-08 08:53:14, Logged in LMS: C200017
2020-09-08 08:59:13, Logged in LMS: C200017
2020-09-08 09:26:22, Logged in LMS: C200017
2020-09-08 09:26:29, Logged in LMS: C200017
2020-09-08 10:04:48, Logged in LMS: C200017
2020-09-08 10:48:25, Logged in LMS: C200017
2020-09-08 10:57:39, Logged in LMS: C200001
2020-09-08 11:55:04, Logged in LMS: C200015
2020-09-08 12:35:29, Logged in LMS: C200015
2020-09-08 12:36:23, Logged in LMS: C200004
2020-09-08 14:37:38, Logged in LMS: C200015
2020-09-08 15:28:09, Logged in LMS: C200017
2020-09-08 16:04:44, Logged in LMS: C200003
2020-09-08 16:05:18, Logged in LMS: C200004
2020-09-08 16:08:25, Logged in LMS: C200015
2020-09-08 16:10:07, Logged in LMS: C200014
2020-09-08 16:12:46, Logged in LMS: lee.linkelrae@gordoncollege.edu.ph
2020-09-08 16:13:10, Logged in LMS: C200011
2020-09-08 16:14:27, Logged in LMS: lee.linkelrae@gordoncollege.edu.ph
2020-09-08 16:17:10, Logged in LMS: balce.melner@gordoncollege.edu.ph
2020-09-08 16:17:20, Logged in LMS: balce.melner@gordoncollege.edu.ph
2020-09-08 16:18:10, Logged in LMS: C200003
2020-09-08 16:21:29, Logged in LMS: C200003
2020-09-08 16:23:09, Logged in LMS: C200003
2020-09-08 16:23:36, Logged in LMS: 200014
2020-09-08 16:23:54, Logged in LMS: 200014
2020-09-08 16:25:21, Logged in LMS: C200014
2020-09-08 16:25:51, Logged in LMS: C200011
2020-09-08 16:28:47, Logged in LMS: C200003
2020-09-08 16:32:57, Logged in LMS: C200014
2020-09-08 16:34:41, Logged in LMS: C200003
2020-09-08 16:40:22, Logged in LMS: 201710159
2020-09-08 16:49:37, Logged in LMS: C200011
2020-09-08 16:50:06, Logged in LMS: C200003
2020-09-08 16:50:16, Logged in LMS: C200003
2020-09-08 16:50:38, Logged in LMS: C200003
2020-09-08 16:51:31, Logged in LMS: C200012
2020-09-08 16:55:13, Logged in LMS: C200003
2020-09-08 16:58:52, Logged in LMS: C200003
2020-09-08 16:59:01, Logged in LMS: C200003
2020-09-08 17:18:47, Logged in LMS: C200004
2020-09-08 17:19:06, Logged in LMS: C200004
2020-09-08 17:29:17, Logged in LMS: GC200003
2020-09-08 17:29:32, Logged in LMS: C200003
2020-09-08 17:32:13, Logged in LMS: C200003
2020-09-08 17:32:35, Logged in LMS: C200003
2020-09-08 17:34:36, Logged in LMS: C200003
2020-09-08 17:36:26, Logged in LMS: C200003
2020-09-08 17:37:12, Logged in LMS: C200014
2020-09-08 17:39:17, Logged in LMS: C200003
2020-09-08 17:40:43, Logged in LMS: C200003
2020-09-08 17:42:37, Logged in LMS: C200003
2020-09-08 17:44:33, Logged in LMS: C200003
2020-09-08 17:44:38, Logged in LMS: C200003
2020-09-08 17:52:32, Logged in LMS: bautista.reynaldojr@gordoncollege.edu.ph
2020-09-08 17:52:41, Logged in LMS: bautista.reynaldojr@gordoncollege.edu.ph
2020-09-08 17:52:49, Logged in LMS: c200005
2020-09-08 18:32:24, Logged in LMS: C200014
2020-09-08 18:36:41, Logged in LMS: C200003
2020-09-08 18:38:34, Logged in LMS: C200011
2020-09-08 18:52:22, Logged in LMS: C200014
2020-09-08 19:02:44, Logged in LMS: C200002
2020-09-08 19:50:05, Logged in LMS: C200017
2020-09-08 21:17:29, Logged in LMS: C200003
2020-09-08 21:17:35, Logged in LMS: C200003
2020-09-08 21:17:47, Logged in LMS: C200003
2020-09-08 21:17:49, Logged in LMS: C200003
2020-09-08 21:18:50, Logged in LMS: C200003
2020-09-08 21:21:34, Logged in LMS: C200003
2020-09-08 21:21:39, Logged in LMS: C200003
2020-09-08 21:38:43, Logged in LMS: C200015
2020-09-08 21:39:05, Logged in LMS: C200003
2020-09-08 21:39:39, Logged in LMS: C200017
2020-09-08 21:59:59, Logged in LMS: C200003
2020-09-08 22:01:02, Logged in LMS: c200003
2020-09-08 22:03:31, Logged in LMS: c200003
2020-09-08 22:09:59, Logged in LMS: c200003
2020-09-08 22:10:39, Logged in LMS: c200003
2020-09-08 22:14:35, Logged in LMS: c200003
2020-09-08 22:15:28, Logged in LMS: c200003
2020-09-08 22:19:34, Logged in LMS: c200003
2020-09-08 22:19:44, Logged in LMS: c200003
2020-09-08 22:22:37, Logged in LMS: C200003
2020-09-08 22:23:54, Logged in LMS: C200003
2020-09-08 22:25:13, Logged in LMS: C200003
2020-09-08 22:25:17, Logged in LMS: C200003
2020-09-08 22:25:49, Logged in LMS: C200003
2020-09-08 22:27:05, Logged in LMS: C200003
2020-09-08 22:28:04, Logged in LMS: C200003
2020-09-08 22:31:26, Logged in LMS: C200003
2020-09-08 22:32:01, Logged in LMS: C200003
2020-09-08 22:32:08, Logged in LMS: C200003
2020-09-08 22:34:52, Logged in LMS: C200003
2020-09-08 22:35:38, Logged in LMS: C200003
2020-09-08 22:36:02, Logged in LMS: C200003
2020-09-08 22:36:23, Logged in LMS: C200003
2020-09-08 22:48:57, Logged in LMS: C200003
2020-09-08 22:56:41, Logged in LMS: c200003
2020-09-08 22:56:53, Logged in LMS: C200003
2020-09-08 22:57:06, Logged in LMS: c200003
2020-09-08 22:57:41, Logged in LMS: C200003
2020-09-08 22:57:51, Logged in LMS: c200003
2020-09-08 22:58:27, Logged in LMS: c200003
2020-09-08 23:02:46, Logged in LMS: C200003
2020-09-08 23:13:22, Logged in LMS: C200003
2020-09-08 23:14:59, Logged in LMS: 201710159
2020-09-08 23:16:50, Logged in LMS: C200003
2020-09-08 23:18:48, Logged in LMS: C200003
2020-09-08 23:26:42, Logged in LMS: C200003
2020-09-09 00:09:53, Logged in LMS: C200003
2020-09-09 00:12:16, Logged in LMS: c200003
2020-09-09 00:13:04, Logged in LMS: C200003
2020-09-09 00:15:35, Logged in LMS: c200003
2020-09-09 00:16:21, Logged in LMS: C200001
2020-09-09 00:17:50, Logged in LMS: C200001
2020-09-09 00:18:04, Logged in LMS: C200003
2020-09-09 00:18:46, Logged in LMS: C200003
2020-09-09 00:19:46, Logged in LMS: C200003
2020-09-09 00:21:02, Logged in LMS: C200003
2020-09-09 06:42:44, Logged in LMS: C200011
2020-09-09 07:06:10, Logged in LMS: c200005
2020-09-09 07:37:21, Logged in LMS: C200017
2020-09-09 07:38:03, Logged in LMS: C200017
2020-09-09 07:50:52, Logged in LMS: C200017
2020-09-09 08:23:10, Logged in LMS: C200011
2020-09-09 08:25:22, Logged in LMS: C200015
2020-09-09 08:57:09, Logged in LMS: C200004
2020-09-09 09:02:51, Logged in LMS: C200002
2020-09-09 09:12:43, Logged in LMS: C200015
2020-09-09 09:12:53, Logged in LMS: C200004
2020-09-09 09:13:08, Logged in LMS: C200015
2020-09-09 09:15:58, Logged in LMS: C200004
2020-09-09 09:18:07, Logged in LMS: C200004
2020-09-09 09:19:10, Logged in LMS: C200004
2020-09-09 09:25:26, Logged in LMS: C200015
2020-09-09 09:50:44, Logged in LMS: c200003
2020-09-09 10:27:57, Logged in LMS: C200011
2020-09-09 11:55:00, Logged in LMS: C200003
2020-09-09 12:06:59, Logged in LMS: C200004
2020-09-09 12:07:53, Logged in LMS: C200011
2020-09-09 12:09:23, Logged in LMS: C200012
2020-09-09 12:10:28, Logged in LMS: C200004
2020-09-09 12:16:33, Logged in LMS: C200014
2020-09-09 13:30:57, Logged in LMS: C200013
2020-09-09 15:13:42, Logged in LMS: C200015
2020-09-09 15:26:33, Logged in LMS: C200011
2020-09-09 15:32:53, Logged in LMS: C200003
2020-09-09 15:46:39, Logged in LMS: C200003
2020-09-09 15:50:34, Logged in LMS: C200003
2020-09-09 16:43:18, Logged in LMS: C200003
2020-09-09 17:18:11, Logged in LMS: C200011
2020-09-09 17:33:52, Logged in LMS: C200003
2020-09-09 17:57:52, Logged in LMS: C200011
2020-09-09 18:17:49, Logged in LMS: C200003
2020-09-09 18:25:35, Logged in LMS: C200007
2020-09-09 18:44:20, Logged in LMS: C200014
2020-09-09 20:29:42, Logged in LMS: C200017
2020-09-09 20:30:24, Logged in LMS: C200017
2020-09-09 20:31:01, Logged in LMS: C200017
2020-09-09 21:08:58, Logged in LMS: C200007
2020-09-09 21:55:11, Logged in LMS: C200002
2020-09-10 07:15:55, Logged in LMS: C200016
2020-09-10 07:48:08, Logged in LMS: C200015
2020-09-10 07:58:50, Logged in LMS: C200017
2020-09-10 08:02:21, Logged in LMS: C200017
2020-09-10 08:26:05, Logged in LMS: C200017
2020-09-10 08:26:12, Logged in LMS: C200017
2020-09-10 09:01:53, Logged in LMS: C200002
2020-09-10 09:05:19, Logged in LMS: C200017
2020-09-10 10:28:50, Logged in LMS: C200012
2020-09-10 10:57:23, Logged in LMS: bautista.reynaldojr@gordoncollege.edu.ph
2020-09-10 10:57:28, Logged in LMS: bautista.reynaldojr@gordoncollege.edu.ph
2020-09-10 10:57:36, Logged in LMS: c200005
2020-09-10 11:04:22, Logged in LMS: C200004
2020-09-10 11:14:39, Logged in LMS: C200003
2020-09-10 11:26:55, Logged in LMS: C200017
2020-09-10 11:27:08, Logged in LMS: C200017
2020-09-10 11:35:47, Logged in LMS: C200001
2020-09-10 11:48:35, Logged in LMS: C200017
2020-09-10 12:00:59, Logged in LMS: 201710159
2020-09-10 15:04:11, Logged in LMS: C200014
2020-09-10 15:04:34, Logged in LMS: C200014
2020-09-10 15:11:12, Logged in LMS: C200015
2020-09-10 15:11:21, Logged in LMS: C200015
2020-09-10 15:31:30, Logged in LMS: c200003
2020-09-10 15:31:39, Logged in LMS: c200003
2020-09-10 15:32:16, Logged in LMS: C200014
2020-09-10 16:28:38, Logged in LMS: C200003
2020-09-10 16:32:20, Logged in LMS: C200003
2020-09-10 16:34:33, Logged in LMS: C200003
2020-09-10 16:36:24, Logged in LMS: C200003
2020-09-10 16:36:30, Logged in LMS: C200003
2020-09-10 16:58:42, Logged in LMS: C200003
2020-09-10 17:09:22, Logged in LMS: C200003
2020-09-10 17:15:35, Logged in LMS: C200003
2020-09-10 17:17:52, Logged in LMS: C200016
2020-09-10 17:23:05, Logged in LMS: C200003
2020-09-10 17:23:32, Logged in LMS: C200003
2020-09-10 18:03:59, Logged in LMS: C200009
2020-09-10 19:11:33, Logged in LMS: C200009
2020-09-10 19:18:24, Logged in LMS: C200012
2020-09-11 05:48:00, Logged in LMS: C200015
2020-09-11 05:58:50, Logged in LMS: C200015
2020-09-11 06:04:17, Logged in LMS: c200005
2020-09-11 06:27:05, Logged in LMS: C200011
2020-09-11 06:32:45, Logged in LMS: C200012
2020-09-11 10:35:21, Logged in LMS: C200017
2020-09-11 11:40:43, Logged in LMS: c200003
2020-09-11 12:21:02, Logged in LMS: C200009
2020-09-11 12:41:31, Logged in LMS: C200011
2020-09-11 12:52:27, Logged in LMS: c200005
2020-09-11 13:31:46, Logged in LMS: C200003
2020-09-11 13:34:32, Logged in LMS: C200014
2020-09-11 13:35:06, Logged in LMS: C200003
2020-09-11 13:35:16, Logged in LMS: C200003
2020-09-11 13:36:07, Logged in LMS: C200003
2020-09-11 13:48:53, Logged in LMS: C200003
2020-09-11 14:51:58, Logged in LMS: 201710159
2020-09-11 14:52:07, Logged in LMS: 201710159
2020-09-11 14:52:18, Logged in LMS: 201710159
2020-09-11 14:52:43, Logged in LMS: 201710159
2020-09-11 14:52:50, Logged in LMS: 201710159
2020-09-11 14:53:11, Logged in LMS: 201710159
2020-09-11 14:53:18, Logged in LMS: 201710159
2020-09-11 14:58:46, Logged in LMS: C200009
2020-09-11 15:04:23, Logged in LMS: 201710159
2020-09-11 15:04:25, Logged in LMS: 201710159
2020-09-11 15:04:26, Logged in LMS: 201710159
2020-09-11 15:04:26, Logged in LMS: 201710159
2020-09-11 15:04:27, Logged in LMS: 201710159
2020-09-11 15:06:31, Logged in LMS: 201710159
2020-09-11 15:06:42, Logged in LMS: 201710159
2020-09-11 15:12:21, Logged in LMS: 201710159
2020-09-11 15:14:16, Logged in LMS: 201710159
2020-09-11 15:14:19, Logged in LMS: 201710159
2020-09-11 15:29:46, Logged in LMS: 201710159
2020-09-11 15:39:22, Logged in LMS: 201710159
2020-09-11 15:42:02, Logged in LMS: 201710159
2020-09-11 15:43:54, Logged in LMS: 201710159
2020-09-11 15:44:49, Logged in LMS: 201710159
2020-09-11 15:45:57, Logged in LMS: 201710159
2020-09-11 15:46:34, Logged in LMS: 201710159
2020-09-11 15:52:37, Logged in LMS: 201710159
2020-09-11 15:52:39, Logged in LMS: 201710159
2020-09-11 15:52:40, Logged in LMS: 201710159
2020-09-11 15:53:46, Logged in LMS: 201710159
2020-09-11 15:53:47, Logged in LMS: 201710159
2020-09-11 15:53:48, Logged in LMS: 201710159
2020-09-11 15:53:48, Logged in LMS: 201710159
2020-09-11 15:53:48, Logged in LMS: 201710159
2020-09-11 15:54:19, Logged in LMS: 201710159
2020-09-11 15:54:20, Logged in LMS: 201710159
2020-09-11 15:54:23, Logged in LMS: 201710159
2020-09-11 15:56:41, Logged in LMS: C200003
2020-09-11 15:56:49, Logged in LMS: 201710159
2020-09-11 15:57:31, Logged in LMS: C200003
2020-09-11 15:58:40, Logged in LMS: 201710159
2020-09-11 15:58:45, Logged in LMS: 201710159
2020-09-11 15:58:56, Logged in LMS: 201710159
2020-09-11 15:59:12, Logged in LMS: 201710159
2020-09-11 16:00:29, Logged in LMS: 201710159
2020-09-11 16:01:33, Logged in LMS: 201710159
2020-09-11 16:02:12, Logged in LMS: 201710159
2020-09-11 16:02:46, Logged in LMS: 201710159
2020-09-11 16:04:33, Logged in LMS: 201710159
2020-09-11 16:04:45, Logged in LMS: C200003
2020-09-11 16:04:49, Logged in LMS: C200003
2020-09-11 16:05:10, Logged in LMS: C20003
2020-09-11 16:05:43, Logged in LMS: 201710159
2020-09-11 16:05:54, Logged in LMS: C2000003
2020-09-11 16:06:27, Logged in LMS: C200003
2020-09-11 16:07:18, Logged in LMS: 201710159
2020-09-11 16:07:24, Logged in LMS: C200003
2020-09-11 16:07:42, Logged in LMS: C200003
2020-09-11 16:07:50, Logged in LMS: C200003
2020-09-11 16:11:52, Logged in LMS: 201710159
2020-09-11 16:12:02, Logged in LMS: C200003
2020-09-11 16:12:11, Logged in LMS: C200003
2020-09-11 16:13:18, Logged in LMS: 201710159
2020-09-11 16:13:30, Logged in LMS: 201710159
2020-09-11 16:13:48, Logged in LMS: 201710159
2020-09-11 16:13:56, Logged in LMS: C200003
2020-09-11 16:14:06, Logged in LMS: C200003
2020-09-11 16:15:30, Logged in LMS: 201710159
2020-09-11 16:15:38, Logged in LMS: C200003
2020-09-11 16:20:52, Logged in LMS: 201710159
2020-09-11 16:21:08, Logged in LMS: C200003
2020-09-11 16:21:16, Logged in LMS: C200003
2020-09-11 17:27:05, Logged in LMS: 201710159
2020-09-11 17:27:08, Logged in LMS: 201710159
2020-09-11 17:43:11, Logged in LMS: 201610462
2020-09-11 17:43:11, Logged in LMS: 201610462
2020-09-11 19:09:30, Logged in LMS: 201710159
2020-09-11 22:47:12, Logged in LMS: C200004
2020-09-12 01:28:57, Logged in LMS: C200003
2020-09-12 07:29:16, Logged in LMS: C200002
2020-09-12 08:51:33, Logged in LMS: C20002
2020-09-12 08:51:37, Logged in LMS: C200002
2020-09-12 09:25:08, Logged in LMS: 201710241
2020-09-12 09:25:21, Logged in LMS: C200002
2020-09-12 09:27:44, Logged in LMS: C200001
2020-09-12 09:27:56, Logged in LMS: C200003
2020-09-12 09:45:58, Logged in LMS: C200002
2020-09-12 09:48:25, Logged in LMS: C200002
2020-09-12 09:50:06, Logged in LMS: C200002
2020-09-12 09:51:20, Logged in LMS: C200002
2020-09-12 09:53:38, Logged in LMS: C200002
2020-09-12 10:32:22, Logged in LMS: C200017
2020-09-12 11:36:54, Logged in LMS: C200003
2020-09-12 11:36:59, Logged in LMS: C200003
2020-09-12 11:44:33, Logged in LMS: C200013
2020-09-12 12:34:44, Logged in LMS: 
2020-09-12 12:34:49, Logged in LMS: C200003
2020-09-12 12:34:54, Logged in LMS: C200003
2020-09-12 12:34:59, Logged in LMS: C200003
2020-09-12 12:35:04, Logged in LMS: C200003
2020-09-12 12:35:11, Logged in LMS: C200003
2020-09-12 12:36:57, Logged in LMS: C200003
2020-09-12 12:38:37, Logged in LMS: C200003
2020-09-12 12:47:25, Logged in LMS: C200004
2020-09-12 12:48:06, Logged in LMS: C200004
2020-09-12 12:49:07, Logged in LMS: C200004
2020-09-12 12:56:24, Logged in LMS: C200002
2020-09-12 13:04:35, Logged in LMS: C200002
2020-09-12 13:06:50, Logged in LMS: C200004
2020-09-12 13:08:40, Logged in LMS: C200004
2020-09-12 13:27:48, Logged in LMS: C200003
2020-09-12 13:36:38, Logged in LMS: C200017
2020-09-12 13:36:45, Logged in LMS: C200017
2020-09-12 14:29:08, Logged in LMS: C200015
2020-09-12 15:48:38, Logged in LMS: 201619462
2020-09-12 15:48:41, Logged in LMS: 201619462
2020-09-12 16:00:11, Logged in LMS: C200009
2020-09-12 16:15:37, Logged in LMS: C200007
2020-09-12 16:26:02, Logged in LMS: c200003
2020-09-12 17:12:28, Logged in LMS: C200017
2020-09-12 17:30:43, Logged in LMS: C200017
2020-09-12 17:30:55, Logged in LMS: C200017
2020-09-12 17:47:40, Logged in LMS: C200017
2020-09-12 18:36:44, Logged in LMS: C200003
2020-09-12 19:36:28, Logged in LMS: C200007
2020-09-12 20:14:54, Logged in LMS: C200001
2020-09-12 20:16:16, Logged in LMS: C200001
2020-09-12 20:26:47, Logged in LMS: C200003
2020-09-12 21:41:36, Logged in LMS: C200001
2020-09-12 22:09:21, Logged in LMS: C200004
2020-09-12 22:10:03, Logged in LMS: C200004
2020-09-13 08:06:31, Logged in LMS: C200003
2020-09-13 09:43:35, Logged in LMS: C200017
2020-09-13 11:34:44, Logged in LMS: c200003
2020-09-13 13:35:52, Logged in LMS: C200017
2020-09-13 13:36:17, Logged in LMS: C200017
2020-09-13 14:50:48, Logged in LMS: C200002
2020-09-13 14:57:39, Logged in LMS: C200002
2020-09-13 14:58:22, Logged in LMS: C200002
2020-09-13 14:58:41, Logged in LMS: C200003
2020-09-13 15:05:13, Logged in LMS: C200003
2020-09-13 15:06:05, Logged in LMS: C200003
2020-09-13 15:06:12, Logged in LMS: C200003
2020-09-13 15:11:44, Logged in LMS: C200003
2020-09-13 15:34:05, Logged in LMS: C200003
2020-09-13 15:34:08, Logged in LMS: C200003
2020-09-13 15:34:13, Logged in LMS: C200003
2020-09-13 15:39:27, Logged in LMS: c200003
2020-09-13 15:40:56, Logged in LMS: c200003
2020-09-13 15:41:54, Logged in LMS: C20003
2020-09-13 15:42:05, Logged in LMS: C20003
2020-09-13 15:42:10, Logged in LMS: C20003
2020-09-13 15:42:17, Logged in LMS: C200003
2020-09-13 15:43:44, Logged in LMS: C200003
2020-09-13 15:43:49, Logged in LMS: C200003
2020-09-13 15:46:38, Logged in LMS: C200003
2020-09-13 15:46:40, Logged in LMS: C200003
2020-09-13 15:46:47, Logged in LMS: C200003
2020-09-13 15:46:51, Logged in LMS: C200003
2020-09-13 15:46:56, Logged in LMS: C200003
2020-09-13 15:48:15, Logged in LMS: C200003
2020-09-13 15:55:46, Logged in LMS: C200003
2020-09-13 15:55:51, Logged in LMS: C200003
2020-09-13 18:18:00, Logged in LMS: C200003
2020-09-13 18:26:58, Logged in LMS: c200005
2020-09-13 19:06:08, Logged in LMS: c200005
2020-09-13 20:18:28, Logged in LMS: C200009
2020-09-13 20:48:55, Logged in LMS: C200003
2020-09-13 20:52:39, Logged in LMS: C200003
2020-09-13 20:52:44, Logged in LMS: C200003
2020-09-14 06:20:38, Logged in LMS: C200003
2020-09-14 06:23:22, Logged in LMS: C200003
2020-09-14 06:23:30, Logged in LMS: C200003
2020-09-14 06:24:26, Logged in LMS: C200015
2020-09-14 06:28:29, Logged in LMS: C200003
2020-09-14 06:33:55, Logged in LMS: C200003
2020-09-14 06:34:01, Logged in LMS: C200003
2020-09-14 06:39:30, Logged in LMS: C200003
2020-09-14 06:39:36, Logged in LMS: C200003
2020-09-14 06:56:14, Logged in LMS: C200003
2020-09-14 06:56:19, Logged in LMS: C200003
2020-09-14 06:59:16, Logged in LMS: C200003
2020-09-14 06:59:21, Logged in LMS: C200003
2020-09-14 07:11:58, Logged in LMS: C200013
2020-09-14 07:20:57, Logged in LMS: C200003
2020-09-14 07:21:02, Logged in LMS: C200003
2020-09-14 07:30:55, Logged in LMS: C200003
2020-09-14 07:31:00, Logged in LMS: C200003
2020-09-14 07:33:23, Logged in LMS: C200003
2020-09-14 07:33:28, Logged in LMS: C200003
2020-09-14 07:48:25, Logged in LMS: 201710241
2020-09-14 07:48:37, Logged in LMS: C200003
2020-09-14 07:50:39, Logged in LMS: c200005
2020-09-14 07:53:15, Logged in LMS: C200003
2020-09-14 08:02:19, Logged in LMS: C200017
2020-09-14 08:08:01, Logged in LMS: C200017
2020-09-14 08:33:06, Logged in LMS: c200003
2020-09-14 08:40:34, Logged in LMS: C200017
2020-09-14 08:43:48, Logged in LMS: C200003
2020-09-14 08:54:42, Logged in LMS: C200003
2020-09-14 09:00:48, Logged in LMS: C200003
2020-09-14 09:01:43, Logged in LMS: C200003
2020-09-14 09:04:02, Logged in LMS: C200003
2020-09-14 09:04:17, Logged in LMS: C200003
2020-09-14 09:10:14, Logged in LMS: C200017
2020-09-14 09:13:16, Logged in LMS: C200017
2020-09-14 09:26:19, Logged in LMS: C200003
2020-09-14 09:27:55, Logged in LMS: C200003
2020-09-14 09:46:36, Logged in LMS: C200003
2020-09-14 09:47:44, Logged in LMS: C200003
2020-09-14 09:56:36, Logged in LMS: C200003
2020-09-14 09:56:45, Logged in LMS: c200003
2020-09-14 09:59:36, Logged in LMS: C200003
2020-09-14 10:04:59, Logged in LMS: C200003
2020-09-14 10:14:38, Logged in LMS: C200003
2020-09-14 10:22:53, Logged in LMS: c200003
2020-09-14 11:10:04, Logged in LMS: C200003
2020-09-14 11:10:32, Logged in LMS: C200003
2020-09-14 11:13:14, Logged in LMS: c200003
2020-09-14 13:49:30, Logged in LMS: C200017
2020-09-14 14:43:05, Logged in LMS: C200015
2020-09-14 14:51:39, Logged in LMS: C200009
2020-09-14 16:06:42, Logged in LMS: c200003
2020-09-14 16:56:12, Logged in LMS: C200015
2020-09-14 16:58:05, Logged in LMS: C200015
2020-09-14 17:18:08, Logged in LMS: C200011
2020-09-14 18:55:25, Logged in LMS: C200011
2020-09-14 23:46:50, Logged in LMS: C200004
2020-09-15 00:10:40, Logged in LMS: C200004Aa1234567
2020-09-15 00:10:50, Logged in LMS: C200004
2020-09-15 08:02:09, Logged in LMS: c200005
2020-09-15 08:02:18, Logged in LMS: c200005
2020-09-15 08:13:26, Logged in LMS: C200017
2020-09-15 09:12:55, Logged in LMS: c200003
2020-09-15 09:13:51, Logged in LMS: C200017
2020-09-15 09:14:59, Logged in LMS: C200017
2020-09-15 09:45:00, Logged in LMS: C200017
2020-09-15 09:45:09, Logged in LMS: C200017
2020-09-15 10:00:23, Logged in LMS: C200017
2020-09-15 10:12:05, Logged in LMS: C200013
2020-09-15 11:36:44, Logged in LMS: C200002
2020-09-15 14:43:14, Logged in LMS: C200002
2020-09-15 15:56:24, Logged in LMS: C200003
2020-09-15 16:00:09, Logged in LMS: 201710159
2020-09-15 17:23:18, Logged in LMS: C200001
2020-09-15 19:06:47, Logged in LMS: c200003
2020-09-15 19:09:37, Logged in LMS: c200003
2020-09-16 07:58:24, Logged in LMS: C200017
2020-09-16 08:03:11, Logged in LMS: C200017
2020-09-16 08:03:36, Logged in LMS: C200017
2020-09-16 08:08:11, Logged in LMS: C200015
2020-09-16 08:30:11, Logged in LMS: C200011
2020-09-16 08:34:16, Logged in LMS: c200005
2020-09-16 08:34:22, Logged in LMS: c200005
2020-09-16 08:43:52, Logged in LMS: C200004
2020-09-16 08:47:57, Logged in LMS: C200002
2020-09-16 09:54:44, Logged in LMS: C200017
2020-09-16 09:56:22, Logged in LMS: C200017
2020-09-16 11:07:49, Logged in LMS: C200003
2020-09-16 11:13:26, Logged in LMS: c200003
2020-09-16 12:49:29, Logged in LMS: C200017
2020-09-16 12:49:39, Logged in LMS: C200017
2020-09-16 13:05:18, Logged in LMS: C200017
2020-09-16 13:21:49, Logged in LMS: C200017
2020-09-16 13:24:54, Logged in LMS: C200017
2020-09-16 15:17:14, Logged in LMS: c200005
2020-09-16 15:36:36, Logged in LMS: C200011
2020-09-16 17:13:49, Logged in LMS: 201710241
2020-09-16 17:13:51, Logged in LMS: 201710241
2020-09-16 18:08:02, Logged in LMS: C200014
2020-09-16 18:08:11, Logged in LMS: C200014
2020-09-16 18:09:13, Logged in LMS: C200014
2020-09-16 18:31:55, Logged in LMS: C200002
2020-09-16 18:59:58, Logged in LMS: c200003
2020-09-16 19:00:33, Logged in LMS: c200003
2020-09-16 22:23:10, Logged in LMS: 201510530
2020-09-16 22:23:28, Logged in LMS: 201510530
2020-09-17 07:35:51, Logged in LMS: C200015
2020-09-17 08:32:17, Logged in LMS: c200005
2020-09-17 08:36:58, Logged in LMS: C200017
2020-09-17 08:37:32, Logged in LMS: C200017
2020-09-17 08:38:00, Logged in LMS: C200017
2020-09-17 08:38:56, Logged in LMS: C200017
2020-09-17 08:39:05, Logged in LMS: C200017
2020-09-17 09:07:18, Logged in LMS: C200017
2020-09-17 10:44:53, Logged in LMS: C200015
2020-09-17 11:34:38, Logged in LMS: c200003
2020-09-17 12:36:29, Logged in LMS: C200017
2020-09-17 12:36:36, Logged in LMS: C200017
2020-09-17 12:37:16, Logged in LMS: C200017
2020-09-17 14:24:47, Logged in LMS: 
2020-09-17 14:24:59, Logged in LMS: C200015
2020-09-17 14:37:04, Logged in LMS: C200015
2020-09-17 14:40:24, Logged in LMS: C200004
2020-09-17 14:42:21, Logged in LMS: C200004
2020-09-17 14:43:12, Logged in LMS: C200004
2020-09-17 14:46:57, Logged in LMS: C200015
2020-09-17 14:48:22, Logged in LMS: C200004
2020-09-17 14:56:14, Logged in LMS: C200015
2020-09-17 14:56:19, Logged in LMS: C200015
2020-09-17 15:48:05, Logged in LMS: C200017
2020-09-17 16:11:23, Logged in LMS: C200017
2020-09-17 16:29:28, Logged in LMS: C200015
2020-09-17 16:34:07, Logged in LMS: C200003
2020-09-17 16:34:35, Logged in LMS:  C200003
2020-09-17 16:34:38, Logged in LMS:  C20003
2020-09-17 16:34:49, Logged in LMS:  C200003
2020-09-17 16:34:56, Logged in LMS:  C200003
2020-09-17 16:34:59, Logged in LMS:  C200003
2020-09-17 16:35:03, Logged in LMS:  C200003
2020-09-17 16:35:39, Logged in LMS:  C200003
2020-09-17 16:35:52, Logged in LMS:  C200003
2020-09-17 16:36:01, Logged in LMS: C200003
2020-09-17 16:41:52, Logged in LMS: C200003
2020-09-17 17:11:56, Logged in LMS: C200002
2020-09-17 17:25:52, Logged in LMS: c200003
2020-09-17 17:36:18, Logged in LMS: C200015
2020-09-17 19:50:31, Logged in LMS: C200015
2020-09-17 20:30:50, Logged in LMS: 201610462
2020-09-17 20:30:54, Logged in LMS: 201610462
2020-09-17 21:43:32, Logged in LMS: C200013
2020-09-17 22:48:15, Logged in LMS: C200001
2020-09-18 05:29:05, Logged in LMS: C200015
2020-09-18 05:49:53, Logged in LMS: c200005
2020-09-18 05:50:00, Logged in LMS: c200005
2020-09-18 06:32:37, Logged in LMS: C200011
2020-09-18 08:28:57, Logged in LMS: C200017
2020-09-18 09:12:43, Logged in LMS: C200011
2020-09-18 10:14:13, Logged in LMS: C200013
2020-09-18 11:16:13, Logged in LMS: c200005
2020-09-18 12:20:18, Logged in LMS: 201610462
2020-09-18 12:20:20, Logged in LMS: 201610462
2020-09-18 13:56:30, Logged in LMS: c200005
2020-09-18 15:17:32, Logged in LMS: C200017
2020-09-18 16:32:44, Logged in LMS: C200015
2020-09-18 16:32:59, Logged in LMS: C200015
2020-09-18 18:58:47, Logged in LMS: c200003
2020-09-19 07:47:07, Logged in LMS: C200002
2020-09-19 10:39:40, Logged in LMS: C200003
2020-09-19 10:48:40, Logged in LMS: C200004
2020-09-19 10:49:39, Logged in LMS: C200004
2020-09-19 10:51:47, Logged in LMS: C200004
2020-09-19 10:52:22, Logged in LMS: C200004
2020-09-19 10:52:40, Logged in LMS: C200004
2020-09-19 12:03:53, Logged in LMS: C200017
2020-09-19 13:06:59, Logged in LMS: 201810235
2020-09-19 14:15:32, Logged in LMS: C200017
2020-09-19 14:18:46, Logged in LMS: C200004
2020-09-19 14:19:51, Logged in LMS: C200004
2020-09-19 15:00:20, Logged in LMS: c200003
2020-09-19 16:37:00, Logged in LMS: C200015
2020-09-19 18:48:10, Logged in LMS: C200017
2020-09-19 21:08:50, Logged in LMS: c200005
2020-09-20 10:55:37, Logged in LMS: C200003
2020-09-20 11:03:58, Logged in LMS: C200003
2020-09-20 11:23:41, Logged in LMS: C200003
2020-09-20 11:28:24, Logged in LMS: C200003
2020-09-20 12:24:45, Logged in LMS: C200003
2020-09-20 16:26:26, Logged in LMS: C200003
2020-09-20 16:26:46, Logged in LMS: C200003
2020-09-20 17:25:49, Logged in LMS: C200003
2020-09-21 14:12:12, Logged in LMS: C200003
2020-09-21 14:54:52, Logged in LMS: C200003
2020-09-21 16:44:51, Logged in LMS: C200003
2020-09-21 16:44:54, Logged in LMS: C200003
2020-09-21 18:12:07, Logged in LMS: C200003
2020-09-21 19:25:14, Logged in LMS: C200003
2020-10-21 11:51:02, Logged in LMS: C200003
2020-10-23 11:35:23, Logged in LMS: C200003
2020-10-26 19:24:48, Logged in LMS: C200003
2020-11-20 17:46:53, Logged in LMS: c200003
2020-11-20 17:47:17, Logged in LMS: c200003
2020-11-20 17:47:23, Logged in LMS: c200003
2020-11-20 17:47:31, Logged in LMS: c200003
2020-11-20 17:51:32, Logged in LMS: c200003
2020-11-20 17:54:01, Logged in LMS: c200003
2020-11-20 18:01:14, Logged in LMS: c20003
2020-11-20 18:06:36, Logged in LMS: c200003
2020-11-20 18:06:42, Logged in LMS: c200003
2020-11-20 18:06:48, Logged in LMS: c200003
2020-11-20 18:26:55, Logged in LMS: c200003
2020-11-30 09:53:44, Logged in LMS: c200003
2020-11-30 09:54:35, Logged in LMS: c200003
