2020-09-2015:06:52,C200003,Melner Balce,Added new activty for 3 students in class 27556
2020-09-20 15:51:43,C200003,Melner Balce,Successfully uploaded file IT.CS415_ COURSE REQUIREMENTS.docx in 27556
2020-09-2015:51:47,C200003,Melner Balce,Added new resource for class 27556
2020-09-20 16:07:39,C200003,Melner Balce,Successfully uploaded file gordonco_enrollment (1).zip in 27556
2020-09-20 16:27:06,C200003,Melner Balce,Successfully uploaded file index.php in 27449
2020-09-20 16:27:21,C200003,Melner Balce,Successfully uploaded file gordonco_enrollment (1).sql in 27449
2020-09-20 16:27:38,C200003,Melner Balce,Successfully uploaded file WonderShare QuizCreator-20200822T125733Z-001.zip in 27449
2020-09-20 16:28:03,C200003,,Failed to upload file  in 27449
2020-09-2017:15:45,C200003,Melner Balce,Successfully uploaded file Space-Walker (3).docx in 27449
2020-09-2017:16:42,C200003,Melner Balce,Successfully uploaded file we.on.docx in 27449
2020-09-2017:17:17,C200003,Melner Balce,Successfully uploaded file TES_1stSemAY2020-21asdasdasdas3243242asda-2123121312.pdf in 27449
2020-09-2017:18:00,C200003,Melner Balce,Added new resource for class 27449
2020-09-2017:18:07,C200003,Melner Balce,Successfully uploaded file students.log in 27449
2020-09-2017:21:14,C200003,Melner Balce,Successfully uploaded file tlemechanicaldraftinglm-140716083258-phpapp02.pdf in 27449
2020-09-2017:22:13,C200003,Melner Balce,Successfully uploaded file tlemechanicaldraftinglm-140716083258-phpapp02.pdf in 27449
2020-09-2017:26:30,C200003,Melner Balce,Successfully uploaded file Septe.mber-14.pdf in 28493
2020-09-2017:28:34,C200003,Melner Balce,Successfully uploaded file TES_1stSemAY2020-21asdasdasdas3243242asda-2123121312.pdf in 28493
2020-09-2017:29:51,C200003,Melner Balce,Successfully uploaded file Space-Walker (3).docx in 28493
2020-09-2017:48:51,C200003,Melner Balce,Successfully uploaded file TES_1stSemAY2020-21asdasdasdas3243242asda-2123121312.pdf in 28493
2020-09-2017:49:31,C200003,Melner Balce,Successfully uploaded file tlemechanicaldraftinglm-140716083258-phpapp02.pdf in 28493
2020-09-2017:51:04,C200003,Melner Balce,Successfully uploaded file tlemechanicaldraftinglm-140716083258-phpapp02.pdf in 28493
2020-09-2017:58:25,C200003,Melner Balce,Successfully uploaded file TES_1stSemAY2020-21asdasdasdas3243242asda-2123121312.pdf in 28493
2020-09-2017:59:08,C200003,Melner Balce,Successfully uploaded file LMS Development 2.pptx in 28493
2020-09-2018:00:09,C200003,Melner Balce,Successfully uploaded file tlemechanicaldraftinglm-140716083258-phpapp02.pdf in 28493
2020-09-2018:03:07,C200003,Melner Balce,Successfully uploaded file tlemechanicaldraftinglm-140716083258-phpapp02.pdf in 28493
2020-09-2018:06:47,,,Failed to upload file  in 28493
2020-09-2018:15:29,C200003,Melner Balce,Successfully uploaded file tlemechanicaldraftinglm-140716083258-phpapp02.pdf in 28493
2020-09-2018:15:38,C200003,Melner Balce,Successfully uploaded file tlemechanicaldraftinglm-140716083258-phpapp02.pdf in 28493
2020-09-2018:15:39,C200003,Melner Balce,Successfully uploaded file tlemechanicaldraftinglm-140716083258-phpapp02.pdf in 28493
2020-09-2018:17:56,C200003,Melner Balce,Successfully uploaded file tlemechanicaldraftinglm-140716083258-phpapp02.pdf in 28493
2020-09-2018:27:28,C200003,Melner Balce,Successfully uploaded file tlemechanicaldraftinglm-140716083258-phpapp02.pdf in 28493
2020-09-2018:33:04,C200003,Melner Balce,Successfully uploaded file tlemechanicaldraftinglm-140716083258-phpapp02.pdf in 28493
2020-09-2018:37:36,C200003,Melner Balce,Successfully uploaded file tlemechanicaldraftinglm-140716083258-phpapp02.pdf in 28493
2020-09-2018:40:34,C200003,Melner Balce,Successfully uploaded file TES_1stSemAY2020-21asdasdasdas3243242asda-2123121312.pdf in 28493
2020-09-2018:42:00,C200003,Melner Balce,Successfully uploaded file tlemechanicaldraftinglm-140716083258-phpapp02.pdf in 28493
2020-09-2018:42:52,C200003,Melner Balce,Successfully uploaded file gcat-portal.rar in 28493
2020-09-2018:43:51,C200003,Melner Balce,Successfully uploaded file tlemechanicaldraftinglm-140716083258-phpapp02.pdf in 28493
2020-09-2018:43:51,C200003,Melner Balce,Added new resource for class 28493
2020-09-2114:12:46,C200003,Melner Balce,Successfully uploaded file thealogrithm.pdf in 27573
2020-09-2115:20:58,C200003,Melner Balce,Successfully uploaded file SC-logo.png in 28493
2020-09-2115:21:32,C200003,Melner Balce,Successfully uploaded file SC-logo.png in 28493
2020-09-2115:25:36,C200003,Melner Balce,Successfully uploaded file resizedImage.png in 28493
2020-09-2115:26:36,C200003,Melner Balce,Successfully uploaded file 67526534_2380793772141504_3933207565072072704_n.png in 28493
2020-09-2115:30:01,C200003,Melner Balce,Successfully uploaded file LMS Development 2 (1).pptx in 28493
2020-09-2115:33:18,C200003,Melner Balce,Successfully uploaded file LMS Development 2 (1).pptx in 28493
2020-09-2115:34:31,C200003,Melner Balce,Successfully uploaded file LMS Development 2 (1).pptx in 28493
2020-09-2115:35:14,C200003,Melner Balce,Successfully uploaded file faculty (1).log in 28493
2020-09-2115:35:31,C200003,Melner Balce,Successfully uploaded file faculty (1).log in 28493
2020-09-2115:36:17,C200003,Melner Balce,Successfully uploaded file 67526534_2380793772141504_3933207565072072704_n.png in 28493
2020-09-2115:36:25,C200003,Melner Balce,Successfully uploaded file 67526534_2380793772141504_3933207565072072704_n.png in 28493
2020-09-2115:37:22,C200003,Melner Balce,Successfully uploaded file 67526534_2380793772141504_3933207565072072704_n.png in 28493
2020-09-2115:42:01,C200003,Melner Balce,Successfully uploaded file 67526534_2380793772141504_3933207565072072704_n.png in 28493
2020-09-2115:43:50,C200003,Melner Balce,Successfully uploaded file we.on.docx in 28493
2020-09-2115:44:26,C200003,Melner Balce,Successfully uploaded file we.on.docx in 28493
2020-09-2115:44:38,C200003,Melner Balce,Successfully uploaded file we.on.docx in 28493
2020-09-2115:45:04,C200003,Melner Balce,Successfully uploaded file we.on.docx in 28493
2020-09-2115:45:26,C200003,Melner Balce,Successfully uploaded file we.on.docx in 28493
2020-09-2115:45:28,C200003,Melner Balce,Successfully uploaded file we.on.docx in 28493
2020-09-2115:50:20,C200003,Melner Balce,Successfully uploaded file 67526534_2380793772141504_3933207565072072704_n.png in 28493
2020-09-2115:53:49,C200003,Melner Balce,Successfully uploaded file 67526534_2380793772141504_3933207565072072704_n.png in 28493
2020-09-2115:54:13,C200003,Melner Balce,Successfully uploaded file LMS Development 2 (1).pptx in 28493
2020-09-2116:50:16,C200003,Melner Balce,Successfully uploaded file player.png in 27573
2020-09-2116:55:54,C200003,Melner Balce,Successfully uploaded file resizedImage.png in 27573
2020-09-2117:00:05,C200003,Melner Balce,Successfully uploaded file coin1.png in 27573
2020-09-2117:01:49,C200003,Melner Balce,Successfully uploaded file coin1.png in 27573
2020-09-2117:02:51,C200003,Melner Balce,Successfully uploaded file COURSE SYLLABUS FOR SOFTWARE ENGINEERING 1.pdf in 27573
2020-09-2117:05:28,C200003,Melner Balce,Added new post for class 27556
2020-09-2117:14:03,C200003,Melner Balce,Successfully uploaded file player.png in 27460
2020-09-2117:14:03,C200003,Melner Balce,Added new resource for class 27460
2020-09-2117:16:09,C200003,Melner Balce,Successfully uploaded file faculty (1).log in 27460
2020-09-2117:16:09,C200003,Melner Balce,Added new resource for class 27460
2020-09-2117:17:30,C200003,Melner Balce,Successfully uploaded file faculty (1).log in 27460
2020-09-2117:17:30,C200003,Melner Balce,Added new resource for class 27460
2020-09-2117:18:38,C200003,Melner Balce,Successfully uploaded file faculty (1).log in 27460
2020-09-2117:18:38,C200003,Melner Balce,Added new resource for class 27460
2020-09-2117:18:43,C200003,Melner Balce,Successfully uploaded file faculty (1).log in 27460
2020-09-2117:18:43,C200003,Melner Balce,Added new resource for class 27460
2020-09-2117:21:34,C200003,Melner Balce,Successfully uploaded file resizedImage.png in 27460
2020-09-2117:21:34,C200003,Melner Balce,Added new activty for 1 students in class 27460
2020-09-2117:27:28,C200003,Melner Balce,Successfully uploaded file coin1.png in 27460
2020-09-2117:27:28,C200003,Melner Balce,Added new activty for 29 students in class 27460
2020-09-2117:29:19,C200003,Melner Balce,Successfully uploaded file faculty (1).log in 27460
2020-09-2117:29:19,C200003,Melner Balce,Added new activty for 1 students in class 27460
2020-09-2117:31:04,C200003,Melner Balce,Successfully uploaded file player.png in 27460
2020-09-2117:31:04,C200003,Melner Balce,Added new activty for 29 students in class 27460
2020-09-2117:33:11,C200003,Melner Balce,Successfully uploaded file player.png in 27460
2020-09-2117:33:11,C200003,Melner Balce,Added new activty for 29 students in class 27460
2020-09-2117:34:36,C200003,Melner Balce,Successfully uploaded file COURSE SYLLABUS FOR SOFTWARE ENGINEERING 1.pdf in 27460
2020-09-2117:34:36,C200003,Melner Balce,Added new activty for 29 students in class 27460
2020-09-2117:36:56,C200003,Melner Balce,Successfully uploaded file 67526534_2380793772141504_3933207565072072704_n.png in 27460
2020-09-2117:36:56,C200003,Melner Balce,Added new activty for 29 students in class 27460
2020-09-2117:39:04,C200003,Melner Balce,Added new activty for 36 students in class 27531
2020-09-2117:41:47,C200003,Melner Balce,Successfully uploaded file player.png in 27531
2020-09-2117:41:47,C200003,Melner Balce,Added new activty for 1 students in class 27531
2020-09-2117:43:36,C200003,Melner Balce,Successfully uploaded file SC-logo.png in 27531
2020-09-2117:43:36,C200003,Melner Balce,Added new activty for 36 students in class 27531
2020-09-2117:44:13,C200003,Melner Balce,Successfully uploaded file coin1.png in 27531
2020-09-2117:44:13,C200003,Melner Balce,Added new resource for class 27531
2020-09-2118:12:32,C200003,Melner Balce,Added new activty for 1 students in class 27541
2020-09-2118:12:58,C200003,Melner Balce,Added new activty for 2 students in class 27541
2020-09-2118:20:36,C200003,Melner Balce,Added new activty for 34 students in class 27541
2020-09-2118:26:49,C200003,Melner Balce,Added new activty for 34 students in class 27541
2020-09-2118:28:44,C200003,Melner Balce,Added new activty for 34 students in class 27541
2020-09-2119:26:14,C200003,Melner Balce,Added new activty for 36 students in class 28493
2020-09-2119:27:41,,,Deleted activty for  students in class 28493
2020-09-2119:31:18,,,Updated/Archived activty for  students in class 28493
2020-09-2119:33:02,,,Updated/Archived activty for  students in class 28493
2020-09-2119:35:32,,,Updated/Archived activty for  students in class 28493
2020-09-2119:43:55,C200003,Melner Balce,Added new activty for  students in class 28493
2020-09-2119:47:26,C200003,Melner Balce,Added new activty for 36 students in class 28493
2020-09-2119:47:58,C200003,Melner Balce,Updated/Archived activty for 36 students in class 28493
2020-09-2119:49:56,C200003,Melner Balce,Updated/Archived activty for  students in class 28493
2020-09-2119:51:03,C200003,Melner Balce,Updated/Archived activty for 36 students in class 28493
2020-09-2119:54:35,C200003,Melner Balce,Added new activty for  students in class 28493
2020-09-2119:55:28,C200003,Melner Balce,Added new activty for  students in class 28493
2020-09-2119:56:49,C200003,Melner Balce,Added new activty for  students in class 28493
2020-09-2119:58:23,C200003,Melner Balce,Added new activty for 36 students in class 28493
2020-09-2119:59:22,C200003,Melner Balce,Added new activty for 1 students in class 28493
2020-09-2119:59:54,C200003,Melner Balce,Successfully uploaded file COURSE SYLLABUS FOR SOFTWARE ENGINEERING 1.pdf in 28493
2020-09-2119:59:54,C200003,Melner Balce,Added new activty for 36 students in class 28493
2020-09-2120:12:53,C200003,Melner Balce,Updated/Archived activty in class 28493
2020-09-2120:14:25,C200003,Melner Balce,Updated/Archived activty in class 28493
2020-09-2120:16:09,C200003,Melner Balce,Updated/Archived activty in class 28493
2020-09-2120:26:00,C200003,Melner Balce,Updated/Archived activty in class 28493
2020-09-2120:26:18,C200003,Melner Balce,Updated/Archived activty in class 28493
2020-09-2120:26:20,C200003,Melner Balce,Updated/Archived activty in class 28493
2020-09-2120:26:22,C200003,Melner Balce,Updated/Archived activty in class 28493
2020-09-2120:26:24,C200003,Melner Balce,Updated/Archived activty in class 28493
2020-09-2120:26:25,C200003,Melner Balce,Updated/Archived activty in class 28493
2020-09-2120:35:12,C200003,Melner Balce,Updated/Archived activty in class 28493
2020-09-2120:36:28,C200003,Melner Balce,Added new activty in class 28493
2020-09-2120:37:27,C200003,Melner Balce,Successfully uploaded file COURSE SYLLABUS FOR SOFTWARE ENGINEERING 1.pdf in 28493
2020-09-2120:37:27,C200003,Melner Balce,Added new activty in class 28493
2020-09-2120:40:04,C200003,Melner Balce,Successfully uploaded file COURSE SYLLABUS FOR SOFTWARE ENGINEERING 1.pdf in 28493
2020-09-2120:40:04,C200003,Melner Balce,Added new resource for class 28493
2020-10-2111:52:37,C200003,Melner Balce,Successfully uploaded file pitch.pptx in 27573
2020-10-2111:52:37,C200003,Melner Balce,Added new resource for class 27573
2020-10-2112:15:58,C200003,Melner Balce,Successfully uploaded file ITCS411.ACTIVITIESANDDEADLINES (4)asdasddddddddddddddddddddd.docx in 27573
2020-10-2112:15:58,C200003,Melner Balce,Added new resource for class 27573
2020-10-2311:37:09,C200003,Melner Balce,Successfully uploaded file Problem.docx in 28493
2020-10-2311:37:09,C200003,Melner Balce,Added new resource for class 28493
2020-10-2311:38:00,C200003,Melner Balce,Successfully uploaded file pitch (1).pptx in 28493
2020-10-2311:38:00,C200003,Melner Balce,Added new resource for class 28493
2020-10-2619:25:12,C200003,Melner Balce,Successfully uploaded file OATH-OF-OFFICE.docx in 28493
2020-10-2619:25:12,C200003,Melner Balce,Added new activty in class 28493
